<?xml version="1.0" encoding="UTF-8"?>
<testng-results skipped="0" failed="0" ignored="1" total="2" passed="1">
  <reporter-output>
  </reporter-output>
  <suite name="All Test Suite" duration-ms="31608" started-at="2022-04-25T23:50:27 IST" finished-at="2022-04-25T23:50:59 IST">
    <groups>
    </groups>
    <test name="Sample" duration-ms="31608" started-at="2022-04-25T23:50:27 IST" finished-at="2022-04-25T23:50:59 IST">
      <class name="com.buffalocart.test.LogInPageTest">
        <test-method status="PASS" signature="setExtent(org.testng.ITestContext)[pri:0, instance:com.buffalocart.test.LogInPageTest@57175e74]" name="setExtent" is-config="true" duration-ms="47" started-at="2022-04-25T23:50:27 IST" finished-at="2022-04-25T23:50:27 IST">
          <params>
            <param index="0">
              <value>
                <![CDATA[org.testng.TestRunner@64f1fd08]]>
              </value>
            </param>
          </params>
          <reporter-output>
          </reporter-output>
        </test-method> <!-- setExtent -->
        <test-method status="PASS" signature="setUp()[pri:0, instance:com.buffalocart.test.LogInPageTest@57175e74]" name="setUp" is-config="true" duration-ms="19057" started-at="2022-04-25T23:50:27 IST" finished-at="2022-04-25T23:50:46 IST">
          <reporter-output>
          </reporter-output>
        </test-method> <!-- setUp -->
        <test-method status="PASS" signature="verify_User_Login_With_Valid_User_Credentials()[pri:2, instance:com.buffalocart.test.LogInPageTest@57175e74]" name="verify_User_Login_With_Valid_User_Credentials" duration-ms="12472" started-at="2022-04-25T23:50:46 IST" description="TC_001_Verify Login Page Title" finished-at="2022-04-25T23:50:59 IST">
          <reporter-output>
          </reporter-output>
        </test-method> <!-- verify_User_Login_With_Valid_User_Credentials -->
        <test-method status="PASS" signature="tearDown(org.testng.ITestResult)[pri:0, instance:com.buffalocart.test.LogInPageTest@57175e74]" name="tearDown" is-config="true" duration-ms="1" started-at="2022-04-25T23:50:59 IST" finished-at="2022-04-25T23:50:59 IST">
          <params>
            <param index="0">
              <value>
                <![CDATA[[TestResult name=verify_User_Login_With_Valid_User_Credentials status=SUCCESS method=LogInPageTest.verify_User_Login_With_Valid_User_Credentials()[pri:2, instance:com.buffalocart.test.LogInPageTest@57175e74] output={null}]]]>
              </value>
            </param>
          </params>
          <reporter-output>
          </reporter-output>
        </test-method> <!-- tearDown -->
      </class> <!-- com.buffalocart.test.LogInPageTest -->
    </test> <!-- Sample -->
  </suite> <!-- All Test Suite -->
</testng-results>
