<?xml version="1.0" encoding="UTF-8"?>
<!-- Generated by org.testng.reporters.JUnitXMLReporter -->
<testsuite hostname="DESKTOP-18B12HC" ignored="1" name="Sample" tests="1" failures="0" timestamp="2022-04-25T23:51:00 IST" time="31.608" errors="0">
  <testcase name="verify_User_Login_With_Valid_User_Credentials" time="12.472" classname="com.buffalocart.test.LogInPageTest"/>
  <testcase name="verify_Login_Page_Title" time="0.0" classname="com.buffalocart.test.LogInPageTest">
    <ignored/>
  </testcase> <!-- verify_Login_Page_Title -->
</testsuite> <!-- Sample -->
