<?xml version="1.0" encoding="UTF-8"?>
<!-- Generated by org.testng.reporters.JUnitXMLReporter -->
<testsuite hostname="DESKTOP-18B12HC" ignored="6" name="Sample" tests="3" failures="0" timestamp="2022-04-26T21:03:28 IST" time="90.397" errors="0">
  <testcase name="verify_User_Error_Login_With_InValid_User_Credentials1" time="8.151" classname="com.buffalocart.test.LogInPageTest"/>
  <testcase name="verify_User_Error_Login_With_InValid_User_Credentials1" time="6.065" classname="com.buffalocart.test.LogInPageTest"/>
  <testcase name="verify_User_Error_Login_With_InValid_User_Credentials1" time="7.116" classname="com.buffalocart.test.LogInPageTest"/>
  <testcase name="@BeforeSuite setExtent" time="0.0" classname="com.buffalocart.automationcore.Base">
    <ignored/>
  </testcase> <!-- @BeforeSuite setExtent -->
  <testcase name="verify_User_RememberMe_Checkbox_clickable" time="0.0" classname="com.buffalocart.test.LogInPageTest">
    <ignored/>
  </testcase> <!-- verify_User_RememberMe_Checkbox_clickable -->
  <testcase name="verify_User_Error_Login_With_InValid_User_Credentials" time="0.0" classname="com.buffalocart.test.LogInPageTest">
    <ignored/>
  </testcase> <!-- verify_User_Error_Login_With_InValid_User_Credentials -->
  <testcase name="Verify_error_meesage_displyed_on_Reset_Password_page_with_invalid_email_id" time="0.0" classname="com.buffalocart.test.ResetPageTest">
    <ignored/>
  </testcase> <!-- Verify_error_meesage_displyed_on_Reset_Password_page_with_invalid_email_id -->
  <testcase name="verify_User_Login_With_Valid_User_Credentials" time="0.0" classname="com.buffalocart.test.LogInPageTest">
    <ignored/>
  </testcase> <!-- verify_User_Login_With_Valid_User_Credentials -->
  <testcase name="verify_Login_Page_Title" time="0.0" classname="com.buffalocart.test.LogInPageTest">
    <ignored/>
  </testcase> <!-- verify_Login_Page_Title -->
</testsuite> <!-- Sample -->
